<?xml version="1.0" encoding="UTF-8"?>
<!-- Generated by org.testng.reporters.JUnitXMLReporter -->
<testsuite ignored="0" hostname="AINCMYTB0GSNNSH" failures="0" tests="4" name="Test1" time="0.151" errors="0" timestamp="2025-06-22T18:37:20 IST">
  <testcase classname="demo.TestNGGroupsDemo" name="test1" time="0.017"/>
  <testcase classname="demo.TestNGGroupsDemo" name="test2" time="0.021"/>
  <testcase classname="demo.TestNGGroupsDemo" name="test3" time="0.005"/>
  <testcase classname="demo.TestNGGroupsDemo" name="test4" time="0.003"/>
</testsuite> <!-- Test1 -->
