<?xml version="1.0" encoding="UTF-8"?>
<testng-results ignored="0" total="1" passed="1" failed="0" skipped="0">
  <reporter-output>
  </reporter-output>
  <suite started-at="2025-07-02T12:21:43 IST" name="Default suite" finished-at="2025-07-02T12:22:14 IST" duration-ms="30241">
    <groups>
    </groups>
    <test started-at="2025-07-02T12:21:43 IST" name="Default test" finished-at="2025-07-02T12:22:14 IST" duration-ms="30241">
      <class name="demo.AON">
        <test-method signature="test2()[pri:0, instance:demo.AON@3c73951]" started-at="2025-07-02T12:21:44 IST" name="test2" finished-at="2025-07-02T12:22:14 IST" duration-ms="30029" status="PASS">
          <reporter-output>
          </reporter-output>
        </test-method> <!-- test2 -->
      </class> <!-- demo.AON -->
    </test> <!-- Default test -->
  </suite> <!-- Default suite -->
</testng-results>
