<?xml version="1.0" encoding="UTF-8"?>
<!-- Generated by org.testng.reporters.JUnitXMLReporter -->
<testsuite ignored="0" hostname="DESKTOP-8HFKABF" failures="1" tests="1" name="Default test" time="26.689" errors="0" timestamp="2025-07-06T07:59:03 IST">
  <testcase classname="ownFramework.Trial.dropdownselection" name="f" time="26.594">
    <failure type="org.openqa.selenium.ElementClickInterceptedException" message="element click intercepted: Element &amp;lt;select id=&amp;quot;oldSelectMenu&amp;quot;&amp;gt;...&amp;lt;/select&amp;gt; is not clickable at point (402, 561). Other element would receive the click: &amp;lt;iframe frameborder=&amp;quot;0&amp;quot; src=&amp;quot;https://48b6254825f96a953c06a8b164382146.safeframe.googlesyndication.com/safeframe/1-0-45/html/container.html&amp;quot; id=&amp;quot;google_ads_iframe_/21849154601,22343295815/Ad.Plus-Anchor_0&amp;quot; title=&amp;quot;3rd party ad content&amp;quot; name=&amp;quot;&amp;quot; scrolling=&amp;quot;no&amp;quot; marginwidth=&amp;quot;0&amp;quot; marginheight=&amp;quot;0&amp;quot; width=&amp;quot;728&amp;quot; height=&amp;quot;90&amp;quot; data-is-safeframe=&amp;quot;true&amp;quot; sandbox=&amp;quot;allow-forms allow-popups allow-popups-to-escape-sandbox allow-same-origin allow-scripts allow-top-navigation-by-user-activation&amp;quot; allow=&amp;quot;private-state-token-redemption;attribution-reporting&amp;quot; aria-label=&amp;quot;Advertisement&amp;quot; tabindex=&amp;quot;0&amp;quot; data-google-container-id=&amp;quot;1&amp;quot; style=&amp;quot;border: 0px; vertical-align: bottom;&amp;quot; data-load-complete=&amp;quot;true&amp;quot;&amp;gt;&amp;lt;/iframe&amp;gt;
  (Session info: chrome=138.0.7204.97)
Build info: version: &amp;apos;4.9.0&amp;apos;, revision: &amp;apos;d7057100a6&amp;apos;
System info: os.name: &amp;apos;Windows 10&amp;apos;, os.arch: &amp;apos;amd64&amp;apos;, os.version: &amp;apos;10.0&amp;apos;, java.version: &amp;apos;23.0.2&amp;apos;
Driver info: org.openqa.selenium.chrome.ChromeDriver
Command: [5a91c5b02e3d8b57949bedfa6e024c17, clickElement {id=f.7E87A919DCE4533E787667E0700FCFBA.d.57D4480A002FD5E0E7181C26B1E487F7.e.12}]
Capabilities {acceptInsecureCerts: false, browserName: chrome, browserVersion: 138.0.7204.97, chrome: {chromedriverVersion: 138.0.7204.92 (f079b9bc781e..., userDataDir: C:\Users\SKP\AppData\Local\...}, fedcm:accounts: true, goog:chromeOptions: {debuggerAddress: localhost:64229}, networkConnectionEnabled: false, pageLoadStrategy: normal, platformName: WINDOWS, proxy: Proxy(), se:cdp: ws://localhost:64229/devtoo..., se:cdpVersion: 138.0.7204.97, setWindowRect: true, strictFileInteractability: false, timeouts: {implicit: 0, pageLoad: 300000, script: 30000}, unhandledPromptBehavior: dismiss and notify, webauthn:extension:credBlob: true, webauthn:extension:largeBlob: true, webauthn:extension:minPinLength: true, webauthn:extension:prf: true, webauthn:virtualAuthenticators: true}
Element: [[ChromeDriver: chrome on WINDOWS (5a91c5b02e3d8b57949bedfa6e024c17)] -&amp;gt; id: oldSelectMenu]
Session ID: 5a91c5b02e3d8b57949bedfa6e024c17">
      <![CDATA[org.openqa.selenium.ElementClickInterceptedException: element click intercepted: Element <select id="oldSelectMenu">...</select> is not clickable at point (402, 561). Other element would receive the click: <iframe frameborder="0" src="https://48b6254825f96a953c06a8b164382146.safeframe.googlesyndication.com/safeframe/1-0-45/html/container.html" id="google_ads_iframe_/21849154601,22343295815/Ad.Plus-Anchor_0" title="3rd party ad content" name="" scrolling="no" marginwidth="0" marginheight="0" width="728" height="90" data-is-safeframe="true" sandbox="allow-forms allow-popups allow-popups-to-escape-sandbox allow-same-origin allow-scripts allow-top-navigation-by-user-activation" allow="private-state-token-redemption;attribution-reporting" aria-label="Advertisement" tabindex="0" data-google-container-id="1" style="border: 0px; vertical-align: bottom;" data-load-complete="true"></iframe>
  (Session info: chrome=138.0.7204.97)
Build info: version: '4.9.0', revision: 'd7057100a6'
System info: os.name: 'Windows 10', os.arch: 'amd64', os.version: '10.0', java.version: '23.0.2'
Driver info: org.openqa.selenium.chrome.ChromeDriver
Command: [5a91c5b02e3d8b57949bedfa6e024c17, clickElement {id=f.7E87A919DCE4533E787667E0700FCFBA.d.57D4480A002FD5E0E7181C26B1E487F7.e.12}]
Capabilities {acceptInsecureCerts: false, browserName: chrome, browserVersion: 138.0.7204.97, chrome: {chromedriverVersion: 138.0.7204.92 (f079b9bc781e..., userDataDir: C:\Users\SKP\AppData\Local\...}, fedcm:accounts: true, goog:chromeOptions: {debuggerAddress: localhost:64229}, networkConnectionEnabled: false, pageLoadStrategy: normal, platformName: WINDOWS, proxy: Proxy(), se:cdp: ws://localhost:64229/devtoo..., se:cdpVersion: 138.0.7204.97, setWindowRect: true, strictFileInteractability: false, timeouts: {implicit: 0, pageLoad: 300000, script: 30000}, unhandledPromptBehavior: dismiss and notify, webauthn:extension:credBlob: true, webauthn:extension:largeBlob: true, webauthn:extension:minPinLength: true, webauthn:extension:prf: true, webauthn:virtualAuthenticators: true}
Element: [[ChromeDriver: chrome on WINDOWS (5a91c5b02e3d8b57949bedfa6e024c17)] -> id: oldSelectMenu]
Session ID: 5a91c5b02e3d8b57949bedfa6e024c17
at java.base/jdk.internal.reflect.DirectConstructorHandleAccessor.newInstance(DirectConstructorHandleAccessor.java:62)
at java.base/java.lang.reflect.Constructor.newInstanceWithCaller(Constructor.java:501)
at java.base/java.lang.reflect.Constructor.newInstance(Constructor.java:485)
at org.openqa.selenium.remote.codec.w3c.W3CHttpResponseCodec.createException(W3CHttpResponseCodec.java:200)
at org.openqa.selenium.remote.codec.w3c.W3CHttpResponseCodec.decode(W3CHttpResponseCodec.java:133)
at org.openqa.selenium.remote.codec.w3c.W3CHttpResponseCodec.decode(W3CHttpResponseCodec.java:53)
at org.openqa.selenium.remote.HttpCommandExecutor.execute(HttpCommandExecutor.java:193)
at org.openqa.selenium.remote.service.DriverCommandExecutor.invokeExecute(DriverCommandExecutor.java:183)
at org.openqa.selenium.remote.service.DriverCommandExecutor.execute(DriverCommandExecutor.java:158)
at org.openqa.selenium.remote.RemoteWebDriver.execute(RemoteWebDriver.java:543)
at org.openqa.selenium.remote.RemoteWebElement.execute(RemoteWebElement.java:257)
at org.openqa.selenium.remote.RemoteWebElement.click(RemoteWebElement.java:78)
at ownFramework.Trial.dropdownselection.f(dropdownselection.java:33)
at java.base/jdk.internal.reflect.DirectMethodHandleAccessor.invoke(DirectMethodHandleAccessor.java:103)
at java.base/java.lang.reflect.Method.invoke(Method.java:580)
at org.testng.internal.MethodInvocationHelper.invokeMethod(MethodInvocationHelper.java:133)
at org.testng.internal.TestInvoker.invokeMethod(TestInvoker.java:598)
at org.testng.internal.TestInvoker.invokeTestMethod(TestInvoker.java:173)
at org.testng.internal.MethodRunner.runInSequence(MethodRunner.java:46)
at org.testng.internal.TestInvoker$MethodInvocationAgent.invoke(TestInvoker.java:824)
at org.testng.internal.TestInvoker.invokeTestMethods(TestInvoker.java:146)
at org.testng.internal.TestMethodWorker.invokeTestMethods(TestMethodWorker.java:146)
at org.testng.internal.TestMethodWorker.run(TestMethodWorker.java:128)
at java.base/java.util.ArrayList.forEach(ArrayList.java:1597)
at org.testng.TestRunner.privateRun(TestRunner.java:794)
at org.testng.TestRunner.run(TestRunner.java:596)
at org.testng.SuiteRunner.runTest(SuiteRunner.java:377)
at org.testng.SuiteRunner.runSequentially(SuiteRunner.java:371)
at org.testng.SuiteRunner.privateRun(SuiteRunner.java:332)
at org.testng.SuiteRunner.run(SuiteRunner.java:276)
at org.testng.SuiteRunnerWorker.runSuite(SuiteRunnerWorker.java:53)
at org.testng.SuiteRunnerWorker.run(SuiteRunnerWorker.java:96)
at org.testng.TestNG.runSuitesSequentially(TestNG.java:1212)
at org.testng.TestNG.runSuitesLocally(TestNG.java:1134)
at org.testng.TestNG.runSuites(TestNG.java:1063)
at org.testng.TestNG.run(TestNG.java:1031)
at org.testng.remote.AbstractRemoteTestNG.run(AbstractRemoteTestNG.java:115)
at org.testng.remote.RemoteTestNG.initAndRun(RemoteTestNG.java:293)
at org.testng.remote.RemoteTestNG.main(RemoteTestNG.java:91)
]]>
    </failure>
  </testcase> <!-- f -->
</testsuite> <!-- Default test -->
