<?xml version="1.0" encoding="UTF-8"?>
<testng-results ignored="0" total="2" passed="2" failed="0" skipped="0">
  <reporter-output>
  </reporter-output>
  <suite started-at="2025-07-05T10:44:38 IST" name="Suite" finished-at="2025-07-05T10:46:31 IST" duration-ms="112904">
    <groups>
    </groups>
    <test started-at="2025-07-05T10:44:38 IST" name="ParallelTest" finished-at="2025-07-05T10:46:31 IST" duration-ms="112904">
      <class name="ownFramework.Trial.dropdownselection">
        <test-method signature="f()[pri:0, instance:ownFramework.Trial.dropdownselection@306cf3ea]" started-at="2025-07-05T10:44:39 IST" name="f" finished-at="2025-07-05T10:45:14 IST" duration-ms="35001" status="PASS">
          <reporter-output>
          </reporter-output>
        </test-method> <!-- f -->
      </class> <!-- ownFramework.Trial.dropdownselection -->
      <class name="ownFramework.Trial.Mousehover">
        <test-method signature="f()[pri:0, instance:ownFramework.Trial.Mousehover@355ce81c]" started-at="2025-07-05T10:45:14 IST" name="f" finished-at="2025-07-05T10:46:31 IST" duration-ms="77833" status="PASS">
          <reporter-output>
          </reporter-output>
        </test-method> <!-- f -->
      </class> <!-- ownFramework.Trial.Mousehover -->
    </test> <!-- ParallelTest -->
  </suite> <!-- Suite -->
</testng-results>
